<?xml version="1.0" encoding="UTF-8"?>
<beans xmlns="http://www.springframework.org/schema/beans"
	xmlns:xsi="http://www.w3.org/2001/XMLSchema-instance"
	xsi:schemaLocation="http://www.springframework.org/schema/beans http://www.springframework.org/schema/beans/spring-beans-2.0.xsd">

	<bean id="springTestDao" class="com.djimenez.test.spring.dao.implementation.jdbc.SpringTestDaoJdbcImpl"></bean>

	<bean id="springTestService" class="com.djimenez.test.spring.service.SpringTestServiceImpl">

		<property name="springTestDao" ref="springTestDao" />

	</bean>

</beans>
